-------------------------------------------------------------------------------
Test set: WebTest.TestingWebApp
-------------------------------------------------------------------------------
Tests run: 1, Failures: 0, Errors: 1, Skipped: 0, Time elapsed: 0 s <<< FAILURE! - in WebTest.TestingWebApp
initializationError  Time elapsed: 0 s  <<< ERROR!
java.lang.Exception: No runnable methods

